<?xml version="1.0" encoding="utf-8"?><testsuites name="pytest tests"><testsuite name="pytest" errors="0" failures="0" skipped="0" tests="10" time="12.044" timestamp="2026-08-24T02:50:36.356934+00:00" hostname="agent-env-6a1b502f-c49a-4674-97fc-953de013e09b"><testcase classname="tests.backend_test.TestClientIp" name="test_client_ip_contract" time="0.168" /><testcase classname="tests.backend_test.TestScanProduct" name="test_scan_product_success[/api/scan-product]" time="5.304" /><testcase classname="tests.backend_test.TestClientIp" name="test_forwarded_office_ip_is_allowed" time="0.080" /><testcase classname="tests.backend_test.TestClientIp" name="test_forwarded_foreign_ip_is_blocked" time="0.060" /><testcase classname="tests.backend_test.TestHealth" name="test_health_ok" time="0.131" /><testcase classname="tests.backend_test.TestScanProduct" name="test_scan_product_success[/api/scan-product-image]" time="3.054" /><testcase classname="tests.backend_test.TestScanProduct" name="test_scan_product_with_data_url_prefix" time="2.866" /><testcase classname="tests.backend_test.TestScanProduct" name="test_scan_product_missing_image_returns_400[/api/scan-product]" time="0.048" /><testcase classname="tests.backend_test.TestScanProduct" name="test_scan_product_missing_image_returns_400[/api/scan-product-image]" time="0.087" /><testcase classname="tests.backend_test.TestScanProduct" name="test_scan_product_invalid_base64_is_handled" time="0.112" /></testsuite></testsuites>