<?xml version="1.0" encoding="utf-8"?><testsuites name="pytest tests"><testsuite name="pytest" errors="0" failures="0" skipped="0" tests="10" time="15.127" timestamp="2026-08-24T03:30:51.679510+00:00" hostname="agent-env-6a1b502f-c49a-4674-97fc-953de013e09b"><testcase classname="tests.backend_test.TestClientIp" name="test_client_ip_contract" time="0.153" /><testcase classname="tests.backend_test.TestScanProduct" name="test_scan_product_success[/api/scan-product]" time="3.930" /><testcase classname="tests.backend_test.TestClientIp" name="test_forwarded_office_ip_is_allowed" time="0.045" /><testcase classname="tests.backend_test.TestClientIp" name="test_forwarded_foreign_ip_is_blocked" time="0.046" /><testcase classname="tests.backend_test.TestHealth" name="test_health_ok" time="0.223" /><testcase classname="tests.backend_test.TestScanProduct" name="test_scan_product_success[/api/scan-product-image]" time="4.971" /><testcase classname="tests.backend_test.TestScanProduct" name="test_scan_product_with_data_url_prefix" time="5.380" /><testcase classname="tests.backend_test.TestScanProduct" name="test_scan_product_missing_image_returns_400[/api/scan-product]" time="0.074" /><testcase classname="tests.backend_test.TestScanProduct" name="test_scan_product_missing_image_returns_400[/api/scan-product-image]" time="0.070" /><testcase classname="tests.backend_test.TestScanProduct" name="test_scan_product_invalid_base64_is_handled" time="0.156" /></testsuite></testsuites>